<?xml version="1.0" encoding="UTF-8"?>
<testsuite name="com.tableorder.auth.AuthServicePBTTest" tests="3" skipped="0" failures="0" errors="0" timestamp="2026-04-01T05:39:02" hostname="starryeyeui-MacBookAir.local" time="0.065">
  <properties/>
  <testcase name="tokenRoundTrip" classname="com.tableorder.auth.AuthServicePBTTest" time="0.049"/>
  <testcase name="successfulLoginResetsAttempts" classname="com.tableorder.auth.AuthServicePBTTest" time="0.011"/>
  <testcase name="loginAttemptsLockAfterFive" classname="com.tableorder.auth.AuthServicePBTTest" time="0.004"/>
  <system-out><![CDATA[timestamp = 2026-04-01T14:39:02.095379, AuthServicePBTTest:tokenRoundTrip = 
                              |-----------------------jqwik-----------------------
tries = 2                     | # of calls to property
checks = 2                    | # of not rejected calls
generation = EXHAUSTIVE       | parameters are exhaustively generated
after-failure = SAMPLE_FIRST  | try previously failed sample, then previous seed
when-fixed-seed = ALLOW       | fixing the random seed is allowed
edge-cases#mode = MIXIN       | edge cases are mixed in
edge-cases#total = 0          | # of all combined edge cases
edge-cases#tried = 0          | # of edge cases tried in current run
seed = 2525130065862907703    | random seed to reproduce generated values


timestamp = 2026-04-01T14:39:02.107848, AuthServicePBTTest:successfulLoginResetsAttempts = 
                              |-----------------------jqwik-----------------------
tries = 11                    | # of calls to property
checks = 11                   | # of not rejected calls
generation = EXHAUSTIVE       | parameters are exhaustively generated
after-failure = SAMPLE_FIRST  | try previously failed sample, then previous seed
when-fixed-seed = ALLOW       | fixing the random seed is allowed
edge-cases#mode = MIXIN       | edge cases are mixed in
edge-cases#total = 0          | # of all combined edge cases
edge-cases#tried = 0          | # of edge cases tried in current run
seed = -4586957160363477623   | random seed to reproduce generated values


timestamp = 2026-04-01T14:39:02.112126, AuthServicePBTTest:loginAttemptsLockAfterFive = 
                              |-----------------------jqwik-----------------------
tries = 21                    | # of calls to property
checks = 21                   | # of not rejected calls
generation = EXHAUSTIVE       | parameters are exhaustively generated
after-failure = SAMPLE_FIRST  | try previously failed sample, then previous seed
when-fixed-seed = ALLOW       | fixing the random seed is allowed
edge-cases#mode = MIXIN       | edge cases are mixed in
edge-cases#total = 0          | # of all combined edge cases
edge-cases#tried = 0          | # of edge cases tried in current run
seed = -7594868159142653101   | random seed to reproduce generated values


]]></system-out>
  <system-err><![CDATA[]]></system-err>
</testsuite>
