<?xml version="1.0" encoding="UTF-8"?>
<testsuite name="com.tableorder.table.TableSessionServicePBTTest" tests="3" skipped="0" failures="0" errors="0" timestamp="2026-04-01T05:39:02" hostname="starryeyeui-MacBookAir.local" time="0.005">
  <properties/>
  <testcase name="sessionExpiresAfter16Hours" classname="com.tableorder.table.TableSessionServicePBTTest" time="0.002"/>
  <testcase name="completeSessionMovesAllOrders" classname="com.tableorder.table.TableSessionServicePBTTest" time="0.001"/>
  <testcase name="onlyOneActiveSessionPerTable" classname="com.tableorder.table.TableSessionServicePBTTest" time="0.001"/>
  <system-out><![CDATA[timestamp = 2026-04-01T14:39:02.241121, TableSessionServicePBTTest:sessionExpiresAfter16Hours = 
                              |-----------------------jqwik-----------------------
tries = 25                    | # of calls to property
checks = 25                   | # of not rejected calls
generation = EXHAUSTIVE       | parameters are exhaustively generated
after-failure = SAMPLE_FIRST  | try previously failed sample, then previous seed
when-fixed-seed = ALLOW       | fixing the random seed is allowed
edge-cases#mode = MIXIN       | edge cases are mixed in
edge-cases#total = 0          | # of all combined edge cases
edge-cases#tried = 0          | # of edge cases tried in current run
seed = -269977185544486661    | random seed to reproduce generated values


timestamp = 2026-04-01T14:39:02.242678, TableSessionServicePBTTest:completeSessionMovesAllOrders = 
                              |-----------------------jqwik-----------------------
tries = 51                    | # of calls to property
checks = 51                   | # of not rejected calls
generation = EXHAUSTIVE       | parameters are exhaustively generated
after-failure = SAMPLE_FIRST  | try previously failed sample, then previous seed
when-fixed-seed = ALLOW       | fixing the random seed is allowed
edge-cases#mode = MIXIN       | edge cases are mixed in
edge-cases#total = 0          | # of all combined edge cases
edge-cases#tried = 0          | # of edge cases tried in current run
seed = -8819225777114237987   | random seed to reproduce generated values


timestamp = 2026-04-01T14:39:02.244205, TableSessionServicePBTTest:onlyOneActiveSessionPerTable = 
                              |-----------------------jqwik-----------------------
tries = 10                    | # of calls to property
checks = 10                   | # of not rejected calls
generation = EXHAUSTIVE       | parameters are exhaustively generated
after-failure = SAMPLE_FIRST  | try previously failed sample, then previous seed
when-fixed-seed = ALLOW       | fixing the random seed is allowed
edge-cases#mode = MIXIN       | edge cases are mixed in
edge-cases#total = 0          | # of all combined edge cases
edge-cases#tried = 0          | # of edge cases tried in current run
seed = -5281232736231378742   | random seed to reproduce generated values


]]></system-out>
  <system-err><![CDATA[]]></system-err>
</testsuite>
