<?xml version="1.0" encoding="UTF-8"?>
<testsuite name="com.tableorder.order.OrderServicePBTTest" tests="5" skipped="0" failures="0" errors="0" timestamp="2026-04-01T05:39:02" hostname="starryeyeui-MacBookAir.local" time="0.05">
  <properties/>
  <testcase name="sameStatusTransitionAlwaysFails" classname="com.tableorder.order.OrderServicePBTTest" time="0.002"/>
  <testcase name="statusTransitionFromCompletedAlwaysFails" classname="com.tableorder.order.OrderServicePBTTest" time="0.001"/>
  <testcase name="statusTransitionFromPendingAllowsForward" classname="com.tableorder.order.OrderServicePBTTest" time="0.001"/>
  <testcase name="totalAmountEqualsSum" classname="com.tableorder.order.OrderServicePBTTest" time="0.023"/>
  <testcase name="orderNumberFormatIsValid" classname="com.tableorder.order.OrderServicePBTTest" time="0.023"/>
  <system-out><![CDATA[timestamp = 2026-04-01T14:39:02.185088, OrderServicePBTTest:sameStatusTransitionAlwaysFails = 
                              |-----------------------jqwik-----------------------
tries = 3                     | # of calls to property
checks = 3                    | # of not rejected calls
generation = EXHAUSTIVE       | parameters are exhaustively generated
after-failure = SAMPLE_FIRST  | try previously failed sample, then previous seed
when-fixed-seed = ALLOW       | fixing the random seed is allowed
edge-cases#mode = MIXIN       | edge cases are mixed in
edge-cases#total = 0          | # of all combined edge cases
edge-cases#tried = 0          | # of edge cases tried in current run
seed = -8090471964632481562   | random seed to reproduce generated values


timestamp = 2026-04-01T14:39:02.186179, OrderServicePBTTest:statusTransitionFromCompletedAlwaysFails = 
                              |-----------------------jqwik-----------------------
tries = 3                     | # of calls to property
checks = 3                    | # of not rejected calls
generation = EXHAUSTIVE       | parameters are exhaustively generated
after-failure = SAMPLE_FIRST  | try previously failed sample, then previous seed
when-fixed-seed = ALLOW       | fixing the random seed is allowed
edge-cases#mode = MIXIN       | edge cases are mixed in
edge-cases#total = 0          | # of all combined edge cases
edge-cases#tried = 0          | # of edge cases tried in current run
seed = 5317428213900282136    | random seed to reproduce generated values


timestamp = 2026-04-01T14:39:02.187156, OrderServicePBTTest:statusTransitionFromPendingAllowsForward = 
                              |-----------------------jqwik-----------------------
tries = 2                     | # of calls to property
checks = 2                    | # of not rejected calls
generation = EXHAUSTIVE       | parameters are exhaustively generated
after-failure = SAMPLE_FIRST  | try previously failed sample, then previous seed
when-fixed-seed = ALLOW       | fixing the random seed is allowed
edge-cases#mode = MIXIN       | edge cases are mixed in
edge-cases#total = 0          | # of all combined edge cases
edge-cases#tried = 0          | # of edge cases tried in current run
seed = -5815088644110924681   | random seed to reproduce generated values


timestamp = 2026-04-01T14:39:02.210084, OrderServicePBTTest:totalAmountEqualsSum = 
                              |-----------------------jqwik-----------------------
tries = 1000                  | # of calls to property
checks = 1000                 | # of not rejected calls
generation = RANDOMIZED       | parameters are randomly generated
after-failure = SAMPLE_FIRST  | try previously failed sample, then previous seed
when-fixed-seed = ALLOW       | fixing the random seed is allowed
edge-cases#mode = MIXIN       | edge cases are mixed in
edge-cases#total = 80         | # of all combined edge cases
edge-cases#tried = 80         | # of edge cases tried in current run
seed = -2263215960151797631   | random seed to reproduce generated values


timestamp = 2026-04-01T14:39:02.232985, OrderServicePBTTest:orderNumberFormatIsValid = 
                              |-----------------------jqwik-----------------------
tries = 999                   | # of calls to property
checks = 999                  | # of not rejected calls
generation = EXHAUSTIVE       | parameters are exhaustively generated
after-failure = SAMPLE_FIRST  | try previously failed sample, then previous seed
when-fixed-seed = ALLOW       | fixing the random seed is allowed
edge-cases#mode = MIXIN       | edge cases are mixed in
edge-cases#total = 0          | # of all combined edge cases
edge-cases#tried = 0          | # of edge cases tried in current run
seed = 5477066635821188712    | random seed to reproduce generated values


]]></system-out>
  <system-err><![CDATA[]]></system-err>
</testsuite>
