<?xml version="1.0" encoding="UTF-8"?>
<testsuite name="com.tableorder.menu.MenuServicePBTTest" tests="4" skipped="0" failures="0" errors="0" timestamp="2026-04-01T05:39:02" hostname="starryeyeui-MacBookAir.local" time="0.07">
  <properties/>
  <testcase name="displayOrderIsNonNegative" classname="com.tableorder.menu.MenuServicePBTTest" time="0.035"/>
  <testcase name="priceOutOfRangeDetected" classname="com.tableorder.menu.MenuServicePBTTest" time="0.011"/>
  <testcase name="softDeletePreservesEntity" classname="com.tableorder.menu.MenuServicePBTTest" time="0.011"/>
  <testcase name="priceWithinValidRange" classname="com.tableorder.menu.MenuServicePBTTest" time="0.011"/>
  <system-out><![CDATA[timestamp = 2026-04-01T14:39:02.148462, MenuServicePBTTest:displayOrderIsNonNegative = 
                              |-----------------------jqwik-----------------------
tries = 1000                  | # of calls to property
checks = 1000                 | # of not rejected calls
generation = RANDOMIZED       | parameters are randomly generated
after-failure = SAMPLE_FIRST  | try previously failed sample, then previous seed
when-fixed-seed = ALLOW       | fixing the random seed is allowed
edge-cases#mode = MIXIN       | edge cases are mixed in
edge-cases#total = 5          | # of all combined edge cases
edge-cases#tried = 5          | # of edge cases tried in current run
seed = 3458310353287014310    | random seed to reproduce generated values


timestamp = 2026-04-01T14:39:02.160341, MenuServicePBTTest:priceOutOfRangeDetected = 
                              |-----------------------jqwik-----------------------
tries = 1000                  | # of calls to property
checks = 1000                 | # of not rejected calls
generation = RANDOMIZED       | parameters are randomly generated
after-failure = SAMPLE_FIRST  | try previously failed sample, then previous seed
when-fixed-seed = ALLOW       | fixing the random seed is allowed
edge-cases#mode = MIXIN       | edge cases are mixed in
edge-cases#total = 4          | # of all combined edge cases
edge-cases#tried = 4          | # of edge cases tried in current run
seed = -991212134354845622    | random seed to reproduce generated values


timestamp = 2026-04-01T14:39:02.171665, MenuServicePBTTest:softDeletePreservesEntity = 
                              |-----------------------jqwik-----------------------
tries = 1000                  | # of calls to property
checks = 1000                 | # of not rejected calls
generation = EXHAUSTIVE       | parameters are exhaustively generated
after-failure = SAMPLE_FIRST  | try previously failed sample, then previous seed
when-fixed-seed = ALLOW       | fixing the random seed is allowed
edge-cases#mode = MIXIN       | edge cases are mixed in
edge-cases#total = 0          | # of all combined edge cases
edge-cases#tried = 0          | # of edge cases tried in current run
seed = -970004624848763313    | random seed to reproduce generated values


timestamp = 2026-04-01T14:39:02.182689, MenuServicePBTTest:priceWithinValidRange = 
                              |-----------------------jqwik-----------------------
tries = 1000                  | # of calls to property
checks = 1000                 | # of not rejected calls
generation = RANDOMIZED       | parameters are randomly generated
after-failure = SAMPLE_FIRST  | try previously failed sample, then previous seed
when-fixed-seed = ALLOW       | fixing the random seed is allowed
edge-cases#mode = MIXIN       | edge cases are mixed in
edge-cases#total = 5          | # of all combined edge cases
edge-cases#tried = 5          | # of edge cases tried in current run
seed = -4337148454568008186   | random seed to reproduce generated values


]]></system-out>
  <system-err><![CDATA[]]></system-err>
</testsuite>
